<?xml version="1.0" encoding="UTF-8"?>
<!-- Generated by org.testng.reporters.JUnitXMLReporter -->
<testsuite hostname="DESKTOP-HJ2HU60" failures="0" tests="0" name="Test 1" time="0.346" errors="0" timestamp="11 Sep 2022 11:45:47 GMT">
  <testcase classname="Runners._08_TestRunnerParallel_MasterReport" name="@BeforeClass setUpClass" time="0.0">
    <failure type="io.cucumber.core.gherkin.FeatureParserException" message="Failed to parse resource at: file:///C:/Users/LENOVO/IdeaProjects/Group23_HuseyinSEVER/src/test/java/FeatureFiles/Huseyin_GIP-5_HumanResources_Add_Edit_Delete.feature
(3:3): expected: #TagLine, #RuleLine, #Comment, #Empty, got &amp;apos;Background:&amp;apos;
(4:5): expected: #TagLine, #RuleLine, #Comment, #Empty, got &amp;apos;Given Navigate to basqar&amp;apos;
(5:5): expected: #TagLine, #RuleLine, #Comment, #Empty, got &amp;apos;When  Enter username and password and click login button&amp;apos;
(6:5): expected: #TagLine, #RuleLine, #Comment, #Empty, got &amp;apos;Then  User should login successfuly&amp;apos;
(8:3): expected: #TagLine, #RuleLine, #Comment, #Empty, got &amp;apos;Scenario: Add add position to human resources&amp;apos;
(10:5): expected: #TagLine, #RuleLine, #Comment, #Empty, got &amp;apos;Given Clicking on the relevant menu options&amp;apos;
(11:5): expected: #TagLine, #RuleLine, #Comment, #Empty, got &amp;apos;When  Fill in the fields related to adding a position&amp;apos;
(12:6): expected: #TagLine, #RuleLine, #Comment, #Empty, got &amp;apos;Then  Successfully add operation&amp;apos;
(14:4): expected: #TagLine, #RuleLine, #Comment, #Empty, got &amp;apos;Scenario: Edit and make necessary adjustments&amp;apos;
(15:5): expected: #TagLine, #RuleLine, #Comment, #Empty, got &amp;apos;Given Clicking on the relevant menu options&amp;apos;
(16:5): expected: #TagLine, #RuleLine, #Comment, #Empty, got &amp;apos;Given Arrangement of first and last names&amp;apos;">
      <![CDATA[io.cucumber.core.gherkin.FeatureParserException: Failed to parse resource at: file:///C:/Users/LENOVO/IdeaProjects/Group23_HuseyinSEVER/src/test/java/FeatureFiles/Huseyin_GIP-5_HumanResources_Add_Edit_Delete.feature
(3:3): expected: #TagLine, #RuleLine, #Comment, #Empty, got 'Background:'
(4:5): expected: #TagLine, #RuleLine, #Comment, #Empty, got 'Given Navigate to basqar'
(5:5): expected: #TagLine, #RuleLine, #Comment, #Empty, got 'When  Enter username and password and click login button'
(6:5): expected: #TagLine, #RuleLine, #Comment, #Empty, got 'Then  User should login successfuly'
(8:3): expected: #TagLine, #RuleLine, #Comment, #Empty, got 'Scenario: Add add position to human resources'
(10:5): expected: #TagLine, #RuleLine, #Comment, #Empty, got 'Given Clicking on the relevant menu options'
(11:5): expected: #TagLine, #RuleLine, #Comment, #Empty, got 'When  Fill in the fields related to adding a position'
(12:6): expected: #TagLine, #RuleLine, #Comment, #Empty, got 'Then  Successfully add operation'
(14:4): expected: #TagLine, #RuleLine, #Comment, #Empty, got 'Scenario: Edit and make necessary adjustments'
(15:5): expected: #TagLine, #RuleLine, #Comment, #Empty, got 'Given Clicking on the relevant menu options'
(16:5): expected: #TagLine, #RuleLine, #Comment, #Empty, got 'Given Arrangement of first and last names'
	at io.cucumber.core.gherkin.messages.GherkinMessagesFeatureParser.parse(GherkinMessagesFeatureParser.java:43)
	at io.cucumber.core.feature.FeatureParser.parseResource(FeatureParser.java:45)
	at java.base/java.util.function.BiFunction.lambda$andThen$0(BiFunction.java:70)
	at io.cucumber.core.resource.ResourceScanner.lambda$processResource$1(ResourceScanner.java:79)
	at io.cucumber.core.resource.PathScanner$ResourceFileVisitor.visitFile(PathScanner.java:75)
	at io.cucumber.core.resource.PathScanner$ResourceFileVisitor.visitFile(PathScanner.java:60)
	at java.base/java.nio.file.Files.walkFileTree(Files.java:2812)
	at io.cucumber.core.resource.PathScanner.findResourcesForPath(PathScanner.java:53)
	at io.cucumber.core.resource.PathScanner.findResourcesForUri(PathScanner.java:31)
	at io.cucumber.core.resource.ResourceScanner.findResourcesForUri(ResourceScanner.java:61)
	at io.cucumber.core.resource.ResourceScanner.scanForResourcesUri(ResourceScanner.java:134)
	at io.cucumber.core.runtime.FeaturePathFeatureSupplier.loadFeatures(FeaturePathFeatureSupplier.java:62)
	at io.cucumber.core.runtime.FeaturePathFeatureSupplier.get(FeaturePathFeatureSupplier.java:45)
	at io.cucumber.testng.TestNGCucumberRunner.<init>(TestNGCucumberRunner.java:122)
	at io.cucumber.testng.AbstractTestNGCucumberTests.setUpClass(AbstractTestNGCucumberTests.java:27)
	at java.base/java.util.concurrent.FutureTask.run(FutureTask.java:264)
	at java.base/java.util.concurrent.ThreadPoolExecutor.runWorker(ThreadPoolExecutor.java:1136)
	at java.base/java.util.concurrent.ThreadPoolExecutor$Worker.run(ThreadPoolExecutor.java:635)
	at java.base/java.lang.Thread.run(Thread.java:833)
... Removed 14 stack frames]]>
    </failure>
  </testcase> <!-- @BeforeClass setUpClass -->
  <testcase classname="Runners._08_TestRunnerParallel_MasterReport" name="@BeforeClass beforeClass" time="0.0">
    <skipped/>
  </testcase> <!-- @BeforeClass beforeClass -->
</testsuite> <!-- Test 1 -->
