<?xml version="1.0" encoding="UTF-8"?>
<testsuite xmlns:xsi="http://www.w3.org/2001/XMLSchema-instance" xsi:noNamespaceSchemaLocation="https://maven.apache.org/surefire/maven-surefire-plugin/xsd/surefire-test-report.xsd" name="TestSuite" time="0.736" tests="4" errors="0" skipped="2" failures="2">
  <properties>
[...]
</properties>
  <testcase name="setUpClass" classname="Runners._08_TestRunnerParallel_MasterReport" time="0.643">
    <failure message="Failed to parse resource at: file:///C:/Users/LENOVO/IdeaProjects/Group23_HuseyinSEVER/src/test/java/FeatureFiles/Huseyin_GIP-5_HumanResources_Add_Edit_Delete.feature&#10;(3:3): expected: #TagLine, #RuleLine, #Comment, #Empty, got &apos;Background:&apos;&#10;(4:5): expected: #TagLine, #RuleLine, #Comment, #Empty, got &apos;Given Navigate to basqar&apos;&#10;(5:5): expected: #TagLine, #RuleLine, #Comment, #Empty, got &apos;When  Enter username and password and click login button&apos;&#10;(6:5): expected: #TagLine, #RuleLine, #Comment, #Empty, got &apos;Then  User should login successfuly&apos;&#10;(8:3): expected: #TagLine, #RuleLine, #Comment, #Empty, got &apos;Scenario: Add add position to human resources&apos;&#10;(10:5): expected: #TagLine, #RuleLine, #Comment, #Empty, got &apos;Given Clicking on the relevant menu options&apos;&#10;(11:5): expected: #TagLine, #RuleLine, #Comment, #Empty, got &apos;When  Fill in the fields related to adding a position&apos;&#10;(12:6): expected: #TagLine, #RuleLine, #Comment, #Empty, got &apos;Then  Successfully add operation&apos;&#10;(14:4): expected: #TagLine, #RuleLine, #Comment, #Empty, got &apos;Scenario: Edit and make necessary adjustments&apos;&#10;(15:5): expected: #TagLine, #RuleLine, #Comment, #Empty, got &apos;Given Clicking on the relevant menu options&apos;&#10;(16:5): expected: #TagLine, #RuleLine, #Comment, #Empty, got &apos;Given Arrangement of first and last names&apos;" type="io.cucumber.core.gherkin.FeatureParserException">io.cucumber.core.gherkin.FeatureParserException: 
Failed to parse resource at: file:///C:/Users/LENOVO/IdeaProjects/Group23_HuseyinSEVER/src/test/java/FeatureFiles/Huseyin_GIP-5_HumanResources_Add_Edit_Delete.feature
(3:3): expected: #TagLine, #RuleLine, #Comment, #Empty, got 'Background:'
(4:5): expected: #TagLine, #RuleLine, #Comment, #Empty, got 'Given Navigate to basqar'
(5:5): expected: #TagLine, #RuleLine, #Comment, #Empty, got 'When  Enter username and password and click login button'
(6:5): expected: #TagLine, #RuleLine, #Comment, #Empty, got 'Then  User should login successfuly'
(8:3): expected: #TagLine, #RuleLine, #Comment, #Empty, got 'Scenario: Add add position to human resources'
(10:5): expected: #TagLine, #RuleLine, #Comment, #Empty, got 'Given Clicking on the relevant menu options'
(11:5): expected: #TagLine, #RuleLine, #Comment, #Empty, got 'When  Fill in the fields related to adding a position'
(12:6): expected: #TagLine, #RuleLine, #Comment, #Empty, got 'Then  Successfully add operation'
(14:4): expected: #TagLine, #RuleLine, #Comment, #Empty, got 'Scenario: Edit and make necessary adjustments'
(15:5): expected: #TagLine, #RuleLine, #Comment, #Empty, got 'Given Clicking on the relevant menu options'
(16:5): expected: #TagLine, #RuleLine, #Comment, #Empty, got 'Given Arrangement of first and last names'
</failure>
  </testcase>
  <testcase name="setUpClass" classname="Runners._08_TestRunnerParallel_MasterReport" time="0.644">
    <failure message="Failed to parse resource at: file:///C:/Users/LENOVO/IdeaProjects/Group23_HuseyinSEVER/src/test/java/FeatureFiles/Huseyin_GIP-5_HumanResources_Add_Edit_Delete.feature&#10;(3:3): expected: #TagLine, #RuleLine, #Comment, #Empty, got &apos;Background:&apos;&#10;(4:5): expected: #TagLine, #RuleLine, #Comment, #Empty, got &apos;Given Navigate to basqar&apos;&#10;(5:5): expected: #TagLine, #RuleLine, #Comment, #Empty, got &apos;When  Enter username and password and click login button&apos;&#10;(6:5): expected: #TagLine, #RuleLine, #Comment, #Empty, got &apos;Then  User should login successfuly&apos;&#10;(8:3): expected: #TagLine, #RuleLine, #Comment, #Empty, got &apos;Scenario: Add add position to human resources&apos;&#10;(10:5): expected: #TagLine, #RuleLine, #Comment, #Empty, got &apos;Given Clicking on the relevant menu options&apos;&#10;(11:5): expected: #TagLine, #RuleLine, #Comment, #Empty, got &apos;When  Fill in the fields related to adding a position&apos;&#10;(12:6): expected: #TagLine, #RuleLine, #Comment, #Empty, got &apos;Then  Successfully add operation&apos;&#10;(14:4): expected: #TagLine, #RuleLine, #Comment, #Empty, got &apos;Scenario: Edit and make necessary adjustments&apos;&#10;(15:5): expected: #TagLine, #RuleLine, #Comment, #Empty, got &apos;Given Clicking on the relevant menu options&apos;&#10;(16:5): expected: #TagLine, #RuleLine, #Comment, #Empty, got &apos;Given Arrangement of first and last names&apos;" type="io.cucumber.core.gherkin.FeatureParserException">io.cucumber.core.gherkin.FeatureParserException: 
Failed to parse resource at: file:///C:/Users/LENOVO/IdeaProjects/Group23_HuseyinSEVER/src/test/java/FeatureFiles/Huseyin_GIP-5_HumanResources_Add_Edit_Delete.feature
(3:3): expected: #TagLine, #RuleLine, #Comment, #Empty, got 'Background:'
(4:5): expected: #TagLine, #RuleLine, #Comment, #Empty, got 'Given Navigate to basqar'
(5:5): expected: #TagLine, #RuleLine, #Comment, #Empty, got 'When  Enter username and password and click login button'
(6:5): expected: #TagLine, #RuleLine, #Comment, #Empty, got 'Then  User should login successfuly'
(8:3): expected: #TagLine, #RuleLine, #Comment, #Empty, got 'Scenario: Add add position to human resources'
(10:5): expected: #TagLine, #RuleLine, #Comment, #Empty, got 'Given Clicking on the relevant menu options'
(11:5): expected: #TagLine, #RuleLine, #Comment, #Empty, got 'When  Fill in the fields related to adding a position'
(12:6): expected: #TagLine, #RuleLine, #Comment, #Empty, got 'Then  Successfully add operation'
(14:4): expected: #TagLine, #RuleLine, #Comment, #Empty, got 'Scenario: Edit and make necessary adjustments'
(15:5): expected: #TagLine, #RuleLine, #Comment, #Empty, got 'Given Clicking on the relevant menu options'
(16:5): expected: #TagLine, #RuleLine, #Comment, #Empty, got 'Given Arrangement of first and last names'
</failure>
  </testcase>
  <testcase name="beforeClass" classname="Runners._08_TestRunnerParallel_MasterReport" time="0">
    <skipped/>
  </testcase>
  <testcase name="beforeClass" classname="Runners._08_TestRunnerParallel_MasterReport" time="0">
    <skipped/>
  </testcase>
</testsuite>