-------------------------------------------------------------------------------
Test set: TestSuite
-------------------------------------------------------------------------------
Tests run: 4, Failures: 2, Errors: 0, Skipped: 2, Time elapsed: 0.736 s <<< FAILURE! - in TestSuite
setUpClass(Runners._08_TestRunnerParallel_MasterReport)  Time elapsed: 0.643 s  <<< FAILURE!
io.cucumber.core.gherkin.FeatureParserException: 
Failed to parse resource at: file:///C:/Users/LENOVO/IdeaProjects/Group23_HuseyinSEVER/src/test/java/FeatureFiles/Huseyin_GIP-5_HumanResources_Add_Edit_Delete.feature
(3:3): expected: #TagLine, #RuleLine, #Comment, #Empty, got 'Background:'
(4:5): expected: #TagLine, #RuleLine, #Comment, #Empty, got 'Given Navigate to basqar'
(5:5): expected: #TagLine, #RuleLine, #Comment, #Empty, got 'When  Enter username and password and click login button'
(6:5): expected: #TagLine, #RuleLine, #Comment, #Empty, got 'Then  User should login successfuly'
(8:3): expected: #TagLine, #RuleLine, #Comment, #Empty, got 'Scenario: Add add position to human resources'
(10:5): expected: #TagLine, #RuleLine, #Comment, #Empty, got 'Given Clicking on the relevant menu options'
(11:5): expected: #TagLine, #RuleLine, #Comment, #Empty, got 'When  Fill in the fields related to adding a position'
(12:6): expected: #TagLine, #RuleLine, #Comment, #Empty, got 'Then  Successfully add operation'
(14:4): expected: #TagLine, #RuleLine, #Comment, #Empty, got 'Scenario: Edit and make necessary adjustments'
(15:5): expected: #TagLine, #RuleLine, #Comment, #Empty, got 'Given Clicking on the relevant menu options'
(16:5): expected: #TagLine, #RuleLine, #Comment, #Empty, got 'Given Arrangement of first and last names'

setUpClass(Runners._08_TestRunnerParallel_MasterReport)  Time elapsed: 0.644 s  <<< FAILURE!
io.cucumber.core.gherkin.FeatureParserException: 
Failed to parse resource at: file:///C:/Users/LENOVO/IdeaProjects/Group23_HuseyinSEVER/src/test/java/FeatureFiles/Huseyin_GIP-5_HumanResources_Add_Edit_Delete.feature
(3:3): expected: #TagLine, #RuleLine, #Comment, #Empty, got 'Background:'
(4:5): expected: #TagLine, #RuleLine, #Comment, #Empty, got 'Given Navigate to basqar'
(5:5): expected: #TagLine, #RuleLine, #Comment, #Empty, got 'When  Enter username and password and click login button'
(6:5): expected: #TagLine, #RuleLine, #Comment, #Empty, got 'Then  User should login successfuly'
(8:3): expected: #TagLine, #RuleLine, #Comment, #Empty, got 'Scenario: Add add position to human resources'
(10:5): expected: #TagLine, #RuleLine, #Comment, #Empty, got 'Given Clicking on the relevant menu options'
(11:5): expected: #TagLine, #RuleLine, #Comment, #Empty, got 'When  Fill in the fields related to adding a position'
(12:6): expected: #TagLine, #RuleLine, #Comment, #Empty, got 'Then  Successfully add operation'
(14:4): expected: #TagLine, #RuleLine, #Comment, #Empty, got 'Scenario: Edit and make necessary adjustments'
(15:5): expected: #TagLine, #RuleLine, #Comment, #Empty, got 'Given Clicking on the relevant menu options'
(16:5): expected: #TagLine, #RuleLine, #Comment, #Empty, got 'Given Arrangement of first and last names'

